<?xml version="1.0" encoding="UTF-8"?>
<testsuite xmlns:xsi="http://www.w3.org/2001/XMLSchema-instance" xsi:noNamespaceSchemaLocation="https://maven.apache.org/surefire/maven-surefire-plugin/xsd/surefire-test-report-3.0.xsd" version="3.0" name="com.aprendiendoSB.aprendiendo.AprendiendoApplicationTests" time="6.443" tests="1" errors="0" skipped="0" failures="0">
  <properties>
[...]
</properties>
  <testcase name="contextLoads" classname="com.aprendiendoSB.aprendiendo.AprendiendoApplicationTests" time="0.568">
    <system-out><![CDATA[15:41:42.164 [main] INFO org.springframework.test.context.support.AnnotationConfigContextLoaderUtils -- Could not detect default configuration classes for test class [com.aprendiendoSB.aprendiendo.AprendiendoApplicationTests]: AprendiendoApplicationTests does not declare any static, non-private, non-final, nested classes annotated with @Configuration.
15:41:42.299 [main] INFO org.springframework.boot.test.context.SpringBootTestContextBootstrapper -- Found @SpringBootConfiguration com.aprendiendoSB.aprendiendo.AprendiendoApplication for test class com.aprendiendoSB.aprendiendo.AprendiendoApplicationTests

  .   ____          _            __ _ _
 /\\ / ___'_ __ _ _(_)_ __  __ _ \ \ \ \
( ( )\___ | '_ | '_| | '_ \/ _` | \ \ \ \
 \\/  ___)| |_)| | | | | || (_| |  ) ) ) )
  '  |____| .__|_| |_|_| |_\__, | / / / /
 =========|_|==============|___/=/_/_/_/
 :: Spring Boot ::                (v3.2.1)

2024-02-23T15:41:42.950+01:00  INFO 10436 --- [           main] c.a.a.AprendiendoApplicationTests        : Starting AprendiendoApplicationTests using Java 17.0.6 with PID 10436 (started by victo in C:\Users\victo\OneDrive\Escritorio\aprendiendo\aprendiendo)
2024-02-23T15:41:42.952+01:00  INFO 10436 --- [           main] c.a.a.AprendiendoApplicationTests        : No active profile set, falling back to 1 default profile: "default"
2024-02-23T15:41:43.989+01:00  INFO 10436 --- [           main] .s.d.r.c.RepositoryConfigurationDelegate : Bootstrapping Spring Data JPA repositories in DEFAULT mode.
2024-02-23T15:41:44.055+01:00  INFO 10436 --- [           main] .s.d.r.c.RepositoryConfigurationDelegate : Finished Spring Data repository scanning in 35 ms. Found 0 JPA repository interfaces.
2024-02-23T15:41:44.835+01:00  INFO 10436 --- [           main] o.hibernate.jpa.internal.util.LogHelper  : HHH000204: Processing PersistenceUnitInfo [name: default]
2024-02-23T15:41:44.969+01:00  INFO 10436 --- [           main] org.hibernate.Version                    : HHH000412: Hibernate ORM core version 6.4.1.Final
2024-02-23T15:41:45.027+01:00  INFO 10436 --- [           main] o.h.c.internal.RegionFactoryInitiator    : HHH000026: Second-level cache disabled
2024-02-23T15:41:45.386+01:00  INFO 10436 --- [           main] o.s.o.j.p.SpringPersistenceUnitInfo      : No LoadTimeWeaver setup: ignoring JPA class transformer
2024-02-23T15:41:45.433+01:00  INFO 10436 --- [           main] com.zaxxer.hikari.HikariDataSource       : HikariPool-1 - Starting...
2024-02-23T15:41:45.637+01:00  INFO 10436 --- [           main] com.zaxxer.hikari.pool.HikariPool        : HikariPool-1 - Added connection org.mariadb.jdbc.Connection@3111631d
2024-02-23T15:41:45.639+01:00  INFO 10436 --- [           main] com.zaxxer.hikari.HikariDataSource       : HikariPool-1 - Start completed.
2024-02-23T15:41:46.670+01:00  INFO 10436 --- [           main] o.h.e.t.j.p.i.JtaPlatformInitiator       : HHH000489: No JTA platform available (set 'hibernate.transaction.jta.platform' to enable JTA platform integration)
2024-02-23T15:41:46.726+01:00  INFO 10436 --- [           main] j.LocalContainerEntityManagerFactoryBean : Initialized JPA EntityManagerFactory for persistence unit 'default'
2024-02-23T15:41:47.098+01:00  WARN 10436 --- [           main] JpaBaseConfiguration$JpaWebConfiguration : spring.jpa.open-in-view is enabled by default. Therefore, database queries may be performed during view rendering. Explicitly configure spring.jpa.open-in-view to disable this warning
2024-02-23T15:41:47.147+01:00  INFO 10436 --- [           main] o.s.b.a.w.s.WelcomePageHandlerMapping    : Adding welcome page: class path resource [static/index.html]
2024-02-23T15:41:47.803+01:00  INFO 10436 --- [           main] c.a.a.AprendiendoApplicationTests        : Started AprendiendoApplicationTests in 5.204 seconds (process running for 6.623)
]]></system-out>
  </testcase>
</testsuite>